<?xml version="1.0" encoding="UTF-8"?>
<!-- Generated by org.testng.reporters.JUnitReportReporter -->
<testsuite hostname="LPT1289-B1" failures="0" tests="1" name="Tests.LoginTest" time="5.252" errors="0" timestamp="2023-01-25T01:27:45 IST" skipped="0">
  <testcase classname="Tests.LoginTest" name="userLogin" time="5.252"/>
  <system-out/>
</testsuite> <!-- Tests.LoginTest -->
